<?xml version="1.0" encoding="UTF-8"?>
<testng-results ignored="0" total="1" passed="1" failed="0" skipped="0">
  <reporter-output>
  </reporter-output>
  <suite started-at="2021-10-07T10:24:01 IST" name="Default suite" finished-at="2021-10-07T10:24:01 IST" duration-ms="41">
    <groups>
    </groups>
    <test started-at="2021-10-07T10:24:01 IST" name="Default test" finished-at="2021-10-07T10:24:01 IST" duration-ms="41">
      <class name="datadriven.Datadriven1">
        <test-method signature="login()[pri:0, instance:datadriven.Datadriven1@309e345f]" started-at="2021-10-07T10:24:01 IST" name="login" finished-at="2021-10-07T10:24:01 IST" duration-ms="8" status="PASS">
          <reporter-output>
          </reporter-output>
        </test-method> <!-- login -->
      </class> <!-- datadriven.Datadriven1 -->
    </test> <!-- Default test -->
  </suite> <!-- Default suite -->
</testng-results>
