<?xml version="1.0" encoding="UTF-8"?>
<!-- Generated by org.testng.reporters.JUnitXMLReporter -->
<testsuite ignored="3" hostname="LAPTOP-LIAKTO4M" failures="0" tests="2" name="Car Loan" time="0.011" errors="0" timestamp="2021-10-07T09:27:22 IST">
  <testcase classname="testNg.Demo3" name="webLoginCarLoan" time="0.007"/>
  <testcase classname="testNg.Demo3" name="webRegisterCarLoan" time="0.001"/>
  <testcase classname="testNg.Demo3" name="mobileLoginCarLoan" time="0.0">
    <ignored/>
  </testcase> <!-- mobileLoginCarLoan -->
  <testcase classname="testNg.Demo3" name="LoginAPICarLoan" time="0.0">
    <ignored/>
  </testcase> <!-- LoginAPICarLoan -->
  <testcase classname="testNg.Demo3" name="webLogoutCarLoan" time="0.0">
    <ignored/>
  </testcase> <!-- webLogoutCarLoan -->
</testsuite> <!-- Car Loan -->
