<?xml version="1.0" encoding="UTF-8"?>
<!-- Generated by org.testng.reporters.JUnitXMLReporter -->
<testsuite ignored="0" hostname="LAPTOP-LIAKTO4M" failures="0" tests="5" name="Home Loan" time="0.021" errors="0" timestamp="2021-10-07T09:27:22 IST">
  <testcase classname="testNg.Demo4" name="LoginAPIHomeLoan" time="0.001"/>
  <testcase classname="testNg.Demo4" name="mobileLoginHomeLoan" time="0.001"/>
  <testcase classname="testNg.Demo4" name="webLoginHomeLoan" time="0.0"/>
  <testcase classname="testNg.Demo4" name="webLoginHomeLoan" time="0.001"/>
  <testcase classname="testNg.Demo4" name="webLoginHomeLoan" time="0.001"/>
</testsuite> <!-- Home Loan -->
