<?xml version="1.0" encoding="UTF-8"?>
<!-- Generated by org.testng.reporters.JUnitXMLReporter -->
<testsuite ignored="7" hostname="LAPTOP-LIAKTO4M" failures="0" tests="3" name="Special TestCases" time="0.048" errors="0" timestamp="2021-10-06T17:08:23 IST">
  <testcase classname="testNg.Demo1" name="FirstTest" time="0.007"/>
  <testcase classname="testNg.Demo3" name="LoginAPICarLoan" time="0.0"/>
  <testcase classname="testNg.Demo4" name="webLoginHomeLoan" time="0.002"/>
  <testcase classname="testNg.Demo3" name="webRegisterCarLoan" time="0.0">
    <ignored/>
  </testcase> <!-- webRegisterCarLoan -->
  <testcase classname="testNg.Demo3" name="mobileLoginCarLoan" time="0.0">
    <ignored/>
  </testcase> <!-- mobileLoginCarLoan -->
  <testcase classname="testNg.Demo4" name="mobileLoginHomeLoan" time="0.0">
    <ignored/>
  </testcase> <!-- mobileLoginHomeLoan -->
  <testcase classname="testNg.Demo3" name="webLogoutCarLoan" time="0.0">
    <ignored/>
  </testcase> <!-- webLogoutCarLoan -->
  <testcase classname="testNg.Demo1" name="SecondTest" time="0.0">
    <ignored/>
  </testcase> <!-- SecondTest -->
  <testcase classname="testNg.Demo4" name="LoginAPIHomeLoan" time="0.0">
    <ignored/>
  </testcase> <!-- LoginAPIHomeLoan -->
  <testcase classname="testNg.Demo3" name="webLoginCarLoan" time="0.0">
    <ignored/>
  </testcase> <!-- webLoginCarLoan -->
</testsuite> <!-- Special TestCases -->
